#! /d/a/fpga-toolchain-build/fpga-toolchain-build/iverilog/_install/bin/vvp
:ivl_version "11.0 (stable)" "(d3b0992)";
:ivl_delay_selection "TYPICAL";
:vpi_time_precision - 9;
:vpi_module "C:\PROGRA~3\CHOCOL~1\lib\iverilog\tools\lib\ivl\system.vpi";
:vpi_module "C:\PROGRA~3\CHOCOL~1\lib\iverilog\tools\lib\ivl\vhdl_sys.vpi";
:vpi_module "C:\PROGRA~3\CHOCOL~1\lib\iverilog\tools\lib\ivl\vhdl_textio.vpi";
:vpi_module "C:\PROGRA~3\CHOCOL~1\lib\iverilog\tools\lib\ivl\v2005_math.vpi";
:vpi_module "C:\PROGRA~3\CHOCOL~1\lib\iverilog\tools\lib\ivl\va_math.vpi";
:vpi_module "C:\PROGRA~3\CHOCOL~1\lib\iverilog\tools\lib\ivl\v2009.vpi";
S_0000020a15415de0 .scope package, "$unit" "$unit" 2 1;
 .timescale 0 0;
S_0000020a1557bc60 .scope module, "top_module_tb" "top_module_tb" 3 3;
 .timescale -9 -9;
v0000020a1557be90_0 .var "a", 3 0;
v0000020a1557a260_0 .var "b", 3 0;
v0000020a1557a300_0 .var "op", 2 0;
v0000020a153f6450_0 .net "out", 3 0, v0000020a1557bdf0_0;  1 drivers
S_0000020a153f9b50 .scope module, "uut" "top_module" 3 9, 4 1 0, S_0000020a1557bc60;
 .timescale 0 0;
    .port_info 0 /INPUT 4 "a";
    .port_info 1 /INPUT 4 "b";
    .port_info 2 /INPUT 3 "op";
    .port_info 3 /OUTPUT 4 "out";
v0000020a153d3510_0 .net "a", 3 0, v0000020a1557be90_0;  1 drivers
v0000020a1557e6f0_0 .net "b", 3 0, v0000020a1557a260_0;  1 drivers
v0000020a153f6bb0_0 .net "op", 2 0, v0000020a1557a300_0;  1 drivers
v0000020a1557bdf0_0 .var "out", 3 0;
E_0000020a153f56c0 .event edge, v0000020a153f6bb0_0, v0000020a153d3510_0, v0000020a1557e6f0_0;
    .scope S_0000020a153f9b50;
T_0 ;
Ewait_0 .event/or E_0000020a153f56c0, E_0x0;
    %wait Ewait_0;
    %load/vec4 v0000020a153f6bb0_0;
    %dup/vec4;
    %pushi/vec4 0, 0, 3;
    %cmp/u;
    %jmp/1 T_0.0, 6;
    %dup/vec4;
    %pushi/vec4 1, 0, 3;
    %cmp/u;
    %jmp/1 T_0.1, 6;
    %dup/vec4;
    %pushi/vec4 2, 0, 3;
    %cmp/u;
    %jmp/1 T_0.2, 6;
    %dup/vec4;
    %pushi/vec4 3, 0, 3;
    %cmp/u;
    %jmp/1 T_0.3, 6;
    %dup/vec4;
    %pushi/vec4 4, 0, 3;
    %cmp/u;
    %jmp/1 T_0.4, 6;
    %dup/vec4;
    %pushi/vec4 5, 0, 3;
    %cmp/u;
    %jmp/1 T_0.5, 6;
    %dup/vec4;
    %pushi/vec4 6, 0, 3;
    %cmp/u;
    %jmp/1 T_0.6, 6;
    %dup/vec4;
    %pushi/vec4 7, 0, 3;
    %cmp/u;
    %jmp/1 T_0.7, 6;
    %jmp T_0.8;
T_0.0 ;
    %load/vec4 v0000020a153d3510_0;
    %load/vec4 v0000020a1557e6f0_0;
    %add;
    %store/vec4 v0000020a1557bdf0_0, 0, 4;
    %jmp T_0.8;
T_0.1 ;
    %load/vec4 v0000020a153d3510_0;
    %load/vec4 v0000020a1557e6f0_0;
    %sub;
    %store/vec4 v0000020a1557bdf0_0, 0, 4;
    %jmp T_0.8;
T_0.2 ;
    %load/vec4 v0000020a153d3510_0;
    %load/vec4 v0000020a1557e6f0_0;
    %and;
    %store/vec4 v0000020a1557bdf0_0, 0, 4;
    %jmp T_0.8;
T_0.3 ;
    %load/vec4 v0000020a153d3510_0;
    %load/vec4 v0000020a1557e6f0_0;
    %or;
    %store/vec4 v0000020a1557bdf0_0, 0, 4;
    %jmp T_0.8;
T_0.4 ;
    %load/vec4 v0000020a153d3510_0;
    %load/vec4 v0000020a1557e6f0_0;
    %xor;
    %store/vec4 v0000020a1557bdf0_0, 0, 4;
    %jmp T_0.8;
T_0.5 ;
    %load/vec4 v0000020a153d3510_0;
    %ix/load 4, 1, 0;
    %flag_set/imm 4, 0;
    %shiftl 4;
    %store/vec4 v0000020a1557bdf0_0, 0, 4;
    %jmp T_0.8;
T_0.6 ;
    %load/vec4 v0000020a153d3510_0;
    %ix/load 4, 1, 0;
    %flag_set/imm 4, 0;
    %shiftr 4;
    %store/vec4 v0000020a1557bdf0_0, 0, 4;
    %jmp T_0.8;
T_0.7 ;
    %load/vec4 v0000020a153d3510_0;
    %inv;
    %store/vec4 v0000020a1557bdf0_0, 0, 4;
    %jmp T_0.8;
T_0.8 ;
    %pop/vec4 1;
    %jmp T_0;
    .thread T_0, $push;
    .scope S_0000020a1557bc60;
T_1 ;
    %vpi_call/w 3 17 "$dumpfile", "dump.vcd" {0 0 0};
    %vpi_call/w 3 18 "$dumpvars", 32'sb00000000000000000000000000000000, S_0000020a1557bc60 {0 0 0};
    %vpi_call/w 3 20 "$display", "Sum verification" {0 0 0};
    %pushi/vec4 0, 0, 3;
    %store/vec4 v0000020a1557a300_0, 0, 3;
    %pushi/vec4 3, 0, 4;
    %store/vec4 v0000020a1557be90_0, 0, 4;
    %pushi/vec4 7, 0, 4;
    %store/vec4 v0000020a1557a260_0, 0, 4;
    %delay 1, 0;
    %vpi_call/w 3 25 "$display", "0 + 1 = %d(%b)", v0000020a153f6450_0, v0000020a153f6450_0 {0 0 0};
    %load/vec4 v0000020a153f6450_0;
    %pad/u 32;
    %cmpi/ne 10, 0, 32;
    %jmp/0xz  T_1.0, 4;
    %vpi_call/w 3 28 "$display", "Test Failed on sum operation" {0 0 0};
    %vpi_call/w 3 29 "$finish" {0 0 0};
T_1.0 ;
    %vpi_call/w 3 32 "$display", "Minus verification" {0 0 0};
    %pushi/vec4 1, 0, 3;
    %store/vec4 v0000020a1557a300_0, 0, 3;
    %pushi/vec4 6, 0, 4;
    %store/vec4 v0000020a1557be90_0, 0, 4;
    %pushi/vec4 4, 0, 4;
    %store/vec4 v0000020a1557a260_0, 0, 4;
    %delay 1, 0;
    %vpi_call/w 3 37 "$display", "6 - 4 = %d(%b)", v0000020a153f6450_0, v0000020a153f6450_0 {0 0 0};
    %load/vec4 v0000020a153f6450_0;
    %pad/u 32;
    %cmpi/ne 2, 0, 32;
    %jmp/0xz  T_1.2, 4;
    %vpi_call/w 3 40 "$display", "Test Failed on minus operation" {0 0 0};
    %vpi_call/w 3 41 "$finish" {0 0 0};
T_1.2 ;
    %vpi_call/w 3 44 "$display", "And verification" {0 0 0};
    %pushi/vec4 2, 0, 3;
    %store/vec4 v0000020a1557a300_0, 0, 3;
    %pushi/vec4 5, 0, 4;
    %store/vec4 v0000020a1557be90_0, 0, 4;
    %pushi/vec4 15, 0, 4;
    %store/vec4 v0000020a1557a260_0, 0, 4;
    %delay 1, 0;
    %vpi_call/w 3 49 "$display", "4'b0101 & 4'b1111 = %d(%b)", v0000020a153f6450_0, v0000020a153f6450_0 {0 0 0};
    %load/vec4 v0000020a153f6450_0;
    %cmpi/ne 5, 0, 4;
    %jmp/0xz  T_1.4, 4;
    %vpi_call/w 3 52 "$display", "Test Failed on and operation" {0 0 0};
    %vpi_call/w 3 53 "$finish" {0 0 0};
T_1.4 ;
    %vpi_call/w 3 56 "$display", "Or verification" {0 0 0};
    %pushi/vec4 3, 0, 3;
    %store/vec4 v0000020a1557a300_0, 0, 3;
    %pushi/vec4 1, 0, 4;
    %store/vec4 v0000020a1557be90_0, 0, 4;
    %pushi/vec4 0, 0, 4;
    %store/vec4 v0000020a1557a260_0, 0, 4;
    %delay 1, 0;
    %vpi_call/w 3 61 "$display", "1 | 0 = %d(%b)", v0000020a153f6450_0, v0000020a153f6450_0 {0 0 0};
    %load/vec4 v0000020a153f6450_0;
    %pad/u 32;
    %cmpi/ne 1, 0, 32;
    %jmp/0xz  T_1.6, 4;
    %vpi_call/w 3 64 "$display", "Test Failed on OR operation" {0 0 0};
    %vpi_call/w 3 65 "$finish" {0 0 0};
T_1.6 ;
    %vpi_call/w 3 68 "$display", "XOr verification" {0 0 0};
    %pushi/vec4 4, 0, 3;
    %store/vec4 v0000020a1557a300_0, 0, 3;
    %pushi/vec4 6, 0, 4;
    %store/vec4 v0000020a1557be90_0, 0, 4;
    %pushi/vec4 11, 0, 4;
    %store/vec4 v0000020a1557a260_0, 0, 4;
    %delay 1, 0;
    %vpi_call/w 3 73 "$display", "4'b0110 xor 4'b1011 = %d(%b)", v0000020a153f6450_0, v0000020a153f6450_0 {0 0 0};
    %load/vec4 v0000020a153f6450_0;
    %cmpi/ne 13, 0, 4;
    %jmp/0xz  T_1.8, 4;
    %vpi_call/w 3 76 "$display", "Test Failed on XOR operation" {0 0 0};
    %vpi_call/w 3 77 "$finish" {0 0 0};
T_1.8 ;
    %vpi_call/w 3 80 "$display", "shl verification" {0 0 0};
    %pushi/vec4 5, 0, 3;
    %store/vec4 v0000020a1557a300_0, 0, 3;
    %pushi/vec4 7, 0, 4;
    %store/vec4 v0000020a1557be90_0, 0, 4;
    %delay 1, 0;
    %vpi_call/w 3 84 "$display", "4'b0111 shl = %d(%b)", v0000020a153f6450_0, v0000020a153f6450_0 {0 0 0};
    %load/vec4 v0000020a153f6450_0;
    %cmpi/ne 14, 0, 4;
    %jmp/0xz  T_1.10, 4;
    %vpi_call/w 3 87 "$display", "Test Failed on shl operation" {0 0 0};
    %vpi_call/w 3 88 "$finish" {0 0 0};
T_1.10 ;
    %vpi_call/w 3 91 "$display", "shr verification" {0 0 0};
    %pushi/vec4 6, 0, 3;
    %store/vec4 v0000020a1557a300_0, 0, 3;
    %pushi/vec4 8, 0, 4;
    %store/vec4 v0000020a1557be90_0, 0, 4;
    %delay 1, 0;
    %vpi_call/w 3 95 "$display", "4'b1000 shr = %d(%b)", v0000020a153f6450_0, v0000020a153f6450_0 {0 0 0};
    %load/vec4 v0000020a153f6450_0;
    %cmpi/ne 4, 0, 4;
    %jmp/0xz  T_1.12, 4;
    %vpi_call/w 3 98 "$display", "Test Failed on shr operation" {0 0 0};
    %vpi_call/w 3 99 "$finish" {0 0 0};
T_1.12 ;
    %vpi_call/w 3 102 "$display", "not verification" {0 0 0};
    %pushi/vec4 7, 0, 3;
    %store/vec4 v0000020a1557a300_0, 0, 3;
    %pushi/vec4 9, 0, 4;
    %store/vec4 v0000020a1557be90_0, 0, 4;
    %delay 1, 0;
    %vpi_call/w 3 106 "$display", "4'b1001 not = %d(%b)", v0000020a153f6450_0, v0000020a153f6450_0 {0 0 0};
    %load/vec4 v0000020a153f6450_0;
    %cmpi/ne 6, 0, 4;
    %jmp/0xz  T_1.14, 4;
    %vpi_call/w 3 109 "$display", "Test Failed on NOT operation" {0 0 0};
    %vpi_call/w 3 110 "$finish" {0 0 0};
T_1.14 ;
    %vpi_call/w 3 113 "$display", "All tests passed successfully" {0 0 0};
    %end;
    .thread T_1;
# The file index is used to find the file name in the following table.
:file_names 5;
    "N/A";
    "<interactive>";
    "-";
    "tb/top_module_tb.sv";
    "rtl/top_module.sv";
