#! /d/a/fpga-toolchain-build/fpga-toolchain-build/iverilog/_install/bin/vvp
:ivl_version "11.0 (stable)" "(d3b0992)";
:ivl_delay_selection "TYPICAL";
:vpi_time_precision - 10;
:vpi_module "C:\PROGRA~3\CHOCOL~1\lib\iverilog\tools\lib\ivl\system.vpi";
:vpi_module "C:\PROGRA~3\CHOCOL~1\lib\iverilog\tools\lib\ivl\vhdl_sys.vpi";
:vpi_module "C:\PROGRA~3\CHOCOL~1\lib\iverilog\tools\lib\ivl\vhdl_textio.vpi";
:vpi_module "C:\PROGRA~3\CHOCOL~1\lib\iverilog\tools\lib\ivl\v2005_math.vpi";
:vpi_module "C:\PROGRA~3\CHOCOL~1\lib\iverilog\tools\lib\ivl\va_math.vpi";
:vpi_module "C:\PROGRA~3\CHOCOL~1\lib\iverilog\tools\lib\ivl\v2009.vpi";
S_0000020c7b1bbe50 .scope package, "$unit" "$unit" 2 1;
 .timescale 0 0;
S_0000020c7b0c51f0 .scope module, "top_module_tb" "top_module_tb" 3 3;
 .timescale -9 -10;
v0000020c7b109840_0 .var "a", 0 0;
v0000020c7b1098e0_0 .var "b", 0 0;
v0000020c7b109980_0 .net "out", 0 0, L_0000020c7b0933e0;  1 drivers
S_0000020c7b0c5380 .scope module, "uut" "top_module" 3 9, 4 1 0, S_0000020c7b0c51f0;
 .timescale 0 0;
    .port_info 0 /INPUT 1 "a";
    .port_info 1 /INPUT 1 "b";
    .port_info 2 /OUTPUT 1 "out";
L_0000020c7b1ba2e0 .functor OR 1, v0000020c7b109840_0, v0000020c7b1098e0_0, C4<0>, C4<0>;
L_0000020c7b0933e0 .functor NOT 1, L_0000020c7b1ba2e0, C4<0>, C4<0>, C4<0>;
v0000020c7b1ba240_0 .net *"_ivl_0", 0 0, L_0000020c7b1ba2e0;  1 drivers
v0000020c7b093120_0 .net "a", 0 0, v0000020c7b109840_0;  1 drivers
v0000020c7b0c5510_0 .net "b", 0 0, v0000020c7b1098e0_0;  1 drivers
v0000020c7b0c55b0_0 .net "out", 0 0, L_0000020c7b0933e0;  alias, 1 drivers
    .scope S_0000020c7b0c51f0;
T_0 ;
    %pushi/vec4 0, 0, 1;
    %store/vec4 v0000020c7b109840_0, 0, 1;
    %pushi/vec4 0, 0, 1;
    %store/vec4 v0000020c7b1098e0_0, 0, 1;
    %vpi_call/w 3 20 "$dumpfile", "dump.vcd" {0 0 0};
    %vpi_call/w 3 21 "$dumpvars", 32'sb00000000000000000000000000000000, S_0000020c7b0c51f0 {0 0 0};
    %load/vec4 v0000020c7b109980_0;
    %pad/u 32;
    %cmpi/ne 1, 0, 32;
    %jmp/0xz  T_0.0, 4;
    %vpi_call/w 3 25 "$display", "Test Failed 1" {0 0 0};
    %vpi_call/w 3 26 "$finish" {0 0 0};
T_0.0 ;
    %delay 10, 0;
    %pushi/vec4 1, 0, 1;
    %store/vec4 v0000020c7b109840_0, 0, 1;
    %pushi/vec4 0, 0, 1;
    %store/vec4 v0000020c7b1098e0_0, 0, 1;
    %delay 10, 0;
    %load/vec4 v0000020c7b109980_0;
    %pad/u 32;
    %cmpi/ne 0, 0, 32;
    %jmp/0xz  T_0.2, 4;
    %vpi_call/w 3 38 "$display", "Test Failed 2" {0 0 0};
    %vpi_call/w 3 39 "$finish" {0 0 0};
T_0.2 ;
    %delay 10, 0;
    %pushi/vec4 1, 0, 1;
    %store/vec4 v0000020c7b109840_0, 0, 1;
    %pushi/vec4 1, 0, 1;
    %store/vec4 v0000020c7b1098e0_0, 0, 1;
    %delay 10, 0;
    %load/vec4 v0000020c7b109980_0;
    %pad/u 32;
    %cmpi/ne 0, 0, 32;
    %jmp/0xz  T_0.4, 4;
    %vpi_call/w 3 51 "$display", "Test Failed 3" {0 0 0};
    %vpi_call/w 3 52 "$finish" {0 0 0};
T_0.4 ;
    %vpi_call/w 3 55 "$display", "Test Success" {0 0 0};
    %end;
    .thread T_0;
# The file index is used to find the file name in the following table.
:file_names 5;
    "N/A";
    "<interactive>";
    "-";
    "tb/top_module_tb.sv";
    "rtl/top_module.sv";
