#! /d/a/fpga-toolchain-build/fpga-toolchain-build/iverilog/_install/bin/vvp
:ivl_version "11.0 (stable)" "(d3b0992)";
:ivl_delay_selection "TYPICAL";
:vpi_time_precision - 9;
:vpi_module "C:\PROGRA~3\CHOCOL~1\lib\iverilog\tools\lib\ivl\system.vpi";
:vpi_module "C:\PROGRA~3\CHOCOL~1\lib\iverilog\tools\lib\ivl\vhdl_sys.vpi";
:vpi_module "C:\PROGRA~3\CHOCOL~1\lib\iverilog\tools\lib\ivl\vhdl_textio.vpi";
:vpi_module "C:\PROGRA~3\CHOCOL~1\lib\iverilog\tools\lib\ivl\v2005_math.vpi";
:vpi_module "C:\PROGRA~3\CHOCOL~1\lib\iverilog\tools\lib\ivl\va_math.vpi";
:vpi_module "C:\PROGRA~3\CHOCOL~1\lib\iverilog\tools\lib\ivl\v2009.vpi";
S_0000013488b7b820 .scope package, "$unit" "$unit" 2 1;
 .timescale 0 0;
S_0000013488bc51f0 .scope module, "top_module_tb" "top_module_tb" 3 3;
 .timescale -9 -9;
v0000013488b93600_0 .var "in", 0 0;
v0000013488b7ee60_0 .net "out", 0 0, L_0000013488b933e0;  1 drivers
S_0000013488bc5380 .scope module, "uut" "top_module" 3 8, 4 1 0, S_0000013488bc51f0;
 .timescale 0 0;
    .port_info 0 /INPUT 1 "in";
    .port_info 1 /OUTPUT 1 "out";
L_0000013488b933e0 .functor BUFZ 1, v0000013488b93600_0, C4<0>, C4<0>, C4<0>;
v0000013488b7b9b0_0 .net "in", 0 0, v0000013488b93600_0;  1 drivers
v0000013488b93120_0 .net "out", 0 0, L_0000013488b933e0;  alias, 1 drivers
    .scope S_0000013488bc51f0;
T_0 ;
    %pushi/vec4 0, 0, 1;
    %store/vec4 v0000013488b93600_0, 0, 1;
    %vpi_call/w 3 17 "$dumpfile", "dump.vcd" {0 0 0};
    %vpi_call/w 3 18 "$dumpvars", 32'sb00000000000000000000000000000000, S_0000013488bc51f0 {0 0 0};
    %vpi_call/w 3 20 "$display", "Simulation started" {0 0 0};
    %delay 1, 0;
    %vpi_call/w 3 24 "$display", "in = %b", v0000013488b93600_0 {0 0 0};
    %vpi_call/w 3 25 "$display", "out = %b", v0000013488b7ee60_0 {0 0 0};
    %load/vec4 v0000013488b7ee60_0;
    %cmpi/e 0, 0, 1;
    %jmp/0xz  T_0.0, 4;
    %vpi_call/w 3 28 "$display", "First TEST PASSED" {0 0 0};
    %jmp T_0.1;
T_0.0 ;
    %vpi_call/w 3 30 "$display", "First TEST FAILED" {0 0 0};
T_0.1 ;
    %delay 1, 0;
    %pushi/vec4 1, 0, 1;
    %store/vec4 v0000013488b93600_0, 0, 1;
    %delay 1, 0;
    %vpi_call/w 3 38 "$display", "in = %b", v0000013488b93600_0 {0 0 0};
    %vpi_call/w 3 39 "$display", "out = %b", v0000013488b7ee60_0 {0 0 0};
    %load/vec4 v0000013488b7ee60_0;
    %cmpi/e 1, 0, 1;
    %jmp/0xz  T_0.2, 4;
    %vpi_call/w 3 42 "$display", "Second TEST PASSED" {0 0 0};
    %jmp T_0.3;
T_0.2 ;
    %vpi_call/w 3 44 "$display", "Second TEST FAILED" {0 0 0};
T_0.3 ;
    %vpi_call/w 3 46 "$finish" {0 0 0};
    %end;
    .thread T_0;
# The file index is used to find the file name in the following table.
:file_names 5;
    "N/A";
    "<interactive>";
    "-";
    "tb/top_module_tb.sv";
    "rtl/top_module.sv";
