#! /d/a/fpga-toolchain-build/fpga-toolchain-build/iverilog/_install/bin/vvp
:ivl_version "11.0 (stable)" "(d3b0992)";
:ivl_delay_selection "TYPICAL";
:vpi_time_precision - 9;
:vpi_module "C:\PROGRA~3\CHOCOL~1\lib\iverilog\tools\lib\ivl\system.vpi";
:vpi_module "C:\PROGRA~3\CHOCOL~1\lib\iverilog\tools\lib\ivl\vhdl_sys.vpi";
:vpi_module "C:\PROGRA~3\CHOCOL~1\lib\iverilog\tools\lib\ivl\vhdl_textio.vpi";
:vpi_module "C:\PROGRA~3\CHOCOL~1\lib\iverilog\tools\lib\ivl\v2005_math.vpi";
:vpi_module "C:\PROGRA~3\CHOCOL~1\lib\iverilog\tools\lib\ivl\va_math.vpi";
:vpi_module "C:\PROGRA~3\CHOCOL~1\lib\iverilog\tools\lib\ivl\v2009.vpi";
S_00000271509e5e20 .scope package, "$unit" "$unit" 2 1;
 .timescale 0 0;
S_00000271509e5fb0 .scope module, "top_module_tb" "top_module_tb" 3 3;
 .timescale -9 -9;
v00000271509e3bc0_0 .var "a", 1 0;
v00000271509e3c60_0 .var "b", 1 0;
v00000271509e3d00_0 .var "c", 1 0;
v00000271509e3da0_0 .net "w", 1 0, L_0000027150b29720;  1 drivers
v00000271509e3e40_0 .net "x", 1 0, L_00000271509b3770;  1 drivers
v00000271509e3ee0_0 .net "y", 1 0, L_0000027150a2f860;  1 drivers
v0000027150a2f0c0_0 .net "z", 1 0, L_0000027150a2f8d0;  1 drivers
S_00000271509e6140 .scope module, "uut" "top_module" 3 8, 4 1 0, S_00000271509e5fb0;
 .timescale 0 0;
    .port_info 0 /INPUT 2 "a";
    .port_info 1 /INPUT 2 "b";
    .port_info 2 /INPUT 2 "c";
    .port_info 3 /OUTPUT 2 "w";
    .port_info 4 /OUTPUT 2 "x";
    .port_info 5 /OUTPUT 2 "y";
    .port_info 6 /OUTPUT 2 "z";
L_0000027150b29720 .functor BUFZ 2, v00000271509e3bc0_0, C4<00>, C4<00>, C4<00>;
L_00000271509b3770 .functor BUFZ 2, v00000271509e3c60_0, C4<00>, C4<00>, C4<00>;
L_0000027150a2f860 .functor BUFZ 2, v00000271509e3c60_0, C4<00>, C4<00>, C4<00>;
L_0000027150a2f8d0 .functor BUFZ 2, v00000271509e3d00_0, C4<00>, C4<00>, C4<00>;
v0000027150b2bea0_0 .net "a", 1 0, v00000271509e3bc0_0;  1 drivers
v00000271509b3120_0 .net "b", 1 0, v00000271509e3c60_0;  1 drivers
v0000027150b29680_0 .net "c", 1 0, v00000271509e3d00_0;  1 drivers
v0000027150b2c290_0 .net "w", 1 0, L_0000027150b29720;  alias, 1 drivers
v0000027150b2c330_0 .net "x", 1 0, L_00000271509b3770;  alias, 1 drivers
v00000271509e3a80_0 .net "y", 1 0, L_0000027150a2f860;  alias, 1 drivers
v00000271509e3b20_0 .net "z", 1 0, L_0000027150a2f8d0;  alias, 1 drivers
    .scope S_00000271509e5fb0;
T_0 ;
    %pushi/vec4 0, 0, 2;
    %store/vec4 v00000271509e3bc0_0, 0, 2;
    %pushi/vec4 1, 0, 2;
    %store/vec4 v00000271509e3c60_0, 0, 2;
    %pushi/vec4 2, 0, 2;
    %store/vec4 v00000271509e3d00_0, 0, 2;
    %vpi_call/w 3 23 "$dumpfile", "dump.vcd" {0 0 0};
    %vpi_call/w 3 24 "$dumpvars", 32'sb00000000000000000000000000000000, S_00000271509e5fb0 {0 0 0};
    %vpi_call/w 3 26 "$display", "Simulation started" {0 0 0};
    %delay 1, 0;
    %vpi_call/w 3 30 "$display", "w: %b", v00000271509e3da0_0 {0 0 0};
    %vpi_call/w 3 31 "$display", "x: %b", v00000271509e3e40_0 {0 0 0};
    %vpi_call/w 3 32 "$display", "y: %b", v00000271509e3ee0_0 {0 0 0};
    %vpi_call/w 3 33 "$display", "z: %b", v0000027150a2f0c0_0 {0 0 0};
    %load/vec4 v00000271509e3da0_0;
    %pushi/vec4 0, 0, 2;
    %cmp/e;
    %flag_get/vec4 4;
    %load/vec4 v00000271509e3e40_0;
    %pushi/vec4 1, 0, 2;
    %cmp/e;
    %flag_get/vec4 4;
    %and;
    %load/vec4 v00000271509e3ee0_0;
    %pushi/vec4 1, 0, 2;
    %cmp/e;
    %flag_get/vec4 4;
    %and;
    %load/vec4 v0000027150a2f0c0_0;
    %pushi/vec4 2, 0, 2;
    %cmp/e;
    %flag_get/vec4 4;
    %and;
    %flag_set/vec4 8;
    %jmp/0xz  T_0.0, 8;
    %vpi_call/w 3 36 "$display", "Test passed" {0 0 0};
    %jmp T_0.1;
T_0.0 ;
    %vpi_call/w 3 38 "$display", "Test failed" {0 0 0};
T_0.1 ;
    %delay 1, 0;
    %end;
    .thread T_0;
# The file index is used to find the file name in the following table.
:file_names 5;
    "N/A";
    "<interactive>";
    "-";
    "tb/top_module_tb.sv";
    "rtl/top_module.sv";
