#! /d/a/fpga-toolchain-build/fpga-toolchain-build/iverilog/_install/bin/vvp
:ivl_version "11.0 (stable)" "(d3b0992)";
:ivl_delay_selection "TYPICAL";
:vpi_time_precision - 12;
:vpi_module "C:\PROGRA~3\CHOCOL~1\lib\iverilog\tools\lib\ivl\system.vpi";
:vpi_module "C:\PROGRA~3\CHOCOL~1\lib\iverilog\tools\lib\ivl\vhdl_sys.vpi";
:vpi_module "C:\PROGRA~3\CHOCOL~1\lib\iverilog\tools\lib\ivl\vhdl_textio.vpi";
:vpi_module "C:\PROGRA~3\CHOCOL~1\lib\iverilog\tools\lib\ivl\v2005_math.vpi";
:vpi_module "C:\PROGRA~3\CHOCOL~1\lib\iverilog\tools\lib\ivl\va_math.vpi";
:vpi_module "C:\PROGRA~3\CHOCOL~1\lib\iverilog\tools\lib\ivl\v2009.vpi";
S_000001c40c1636e0 .scope package, "$unit" "$unit" 2 1;
 .timescale 0 0;
S_000001c40c163870 .scope module, "top_module_tb" "top_module_tb" 3 3;
 .timescale -9 -12;
L_000001c40c1e0028 .functor BUFT 1, C4<1>, C4<0>, C4<0>, C4<0>;
v000001c40c14de10_0 .net "one", 0 0, L_000001c40c1e0028;  1 drivers
S_000001c40c163a00 .scope module, "uut" "top_module" 3 7, 4 1 0, S_000001c40c163870;
 .timescale 0 0;
    .port_info 0 /OUTPUT 1 "one";
v000001c40c162d20_0 .net "one", 0 0, L_000001c40c1e0028;  alias, 1 drivers
    .scope S_000001c40c163870;
T_0 ;
    %vpi_call/w 3 12 "$display", "Simulation started" {0 0 0};
    %delay 1000, 0;
    %vpi_call/w 3 16 "$display", "one = %b", v000001c40c14de10_0 {0 0 0};
    %load/vec4 v000001c40c14de10_0;
    %pad/u 32;
    %cmpi/e 1, 0, 32;
    %jmp/0xz  T_0.0, 4;
    %vpi_call/w 3 19 "$display", "TEST PASSED" {0 0 0};
    %jmp T_0.1;
T_0.0 ;
    %vpi_call/w 3 21 "$display", "TEST FAILED" {0 0 0};
T_0.1 ;
    %vpi_call/w 3 23 "$dumpfile", "dump.vcd" {0 0 0};
    %vpi_call/w 3 24 "$dumpvars", 32'sb00000000000000000000000000000000, S_000001c40c163870 {0 0 0};
    %vpi_call/w 3 26 "$finish" {0 0 0};
    %end;
    .thread T_0;
# The file index is used to find the file name in the following table.
:file_names 5;
    "N/A";
    "<interactive>";
    "-";
    "tb/top_module_tb.sv";
    "rtl/top_module.sv";
