#! /d/a/fpga-toolchain-build/fpga-toolchain-build/iverilog/_install/bin/vvp
:ivl_version "11.0 (stable)" "(d3b0992)";
:ivl_delay_selection "TYPICAL";
:vpi_time_precision - 10;
:vpi_module "C:\PROGRA~3\CHOCOL~1\lib\iverilog\tools\lib\ivl\system.vpi";
:vpi_module "C:\PROGRA~3\CHOCOL~1\lib\iverilog\tools\lib\ivl\vhdl_sys.vpi";
:vpi_module "C:\PROGRA~3\CHOCOL~1\lib\iverilog\tools\lib\ivl\vhdl_textio.vpi";
:vpi_module "C:\PROGRA~3\CHOCOL~1\lib\iverilog\tools\lib\ivl\v2005_math.vpi";
:vpi_module "C:\PROGRA~3\CHOCOL~1\lib\iverilog\tools\lib\ivl\va_math.vpi";
:vpi_module "C:\PROGRA~3\CHOCOL~1\lib\iverilog\tools\lib\ivl\v2009.vpi";
S_000001c207b97560 .scope package, "$unit" "$unit" 2 1;
 .timescale 0 0;
S_000001c207cfd130 .scope module, "top_module_tb" "top_module_tb" 3 3;
 .timescale -9 -10;
v000001c207bf0da0_0 .var "a", 0 0;
v000001c207bf1700_0 .var "b", 0 0;
v000001c207bf1480_0 .var "c", 0 0;
v000001c207bf13e0_0 .var "d", 0 0;
v000001c207bf1200_0 .net "out", 0 0, L_000001c207cfbee0;  1 drivers
v000001c207bf1520_0 .net "out_n", 0 0, L_000001c207cfb7e0;  1 drivers
S_000001c207cfd2c0 .scope module, "uut" "top_module" 3 12, 4 2 0, S_000001c207cfd130;
 .timescale 0 0;
    .port_info 0 /INPUT 1 "a";
    .port_info 1 /INPUT 1 "b";
    .port_info 2 /INPUT 1 "c";
    .port_info 3 /INPUT 1 "d";
    .port_info 4 /OUTPUT 1 "out";
    .port_info 5 /OUTPUT 1 "out_n";
L_000001c207cfbe70 .functor AND 1, v000001c207bf0da0_0, v000001c207bf1700_0, C4<1>, C4<1>;
L_000001c207cfbaf0 .functor AND 1, v000001c207bf1480_0, v000001c207bf13e0_0, C4<1>, C4<1>;
L_000001c207cfb850 .functor OR 1, L_000001c207cfbe70, L_000001c207cfbaf0, C4<0>, C4<0>;
L_000001c207cfbee0 .functor BUFZ 1, L_000001c207cfb850, C4<0>, C4<0>, C4<0>;
L_000001c207cfb7e0 .functor NOT 1, L_000001c207cfb850, C4<0>, C4<0>, C4<0>;
v000001c207cf6d70_0 .net "a", 0 0, v000001c207bf0da0_0;  1 drivers
v000001c207b97310_0 .net "and_out1", 0 0, L_000001c207cfbe70;  1 drivers
v000001c207cf6b90_0 .net "and_out2", 0 0, L_000001c207cfbaf0;  1 drivers
v000001c207cfa1c0_0 .net "b", 0 0, v000001c207bf1700_0;  1 drivers
v000001c207cfd450_0 .net "c", 0 0, v000001c207bf1480_0;  1 drivers
v000001c207cfd4f0_0 .net "d", 0 0, v000001c207bf13e0_0;  1 drivers
v000001c207ba40b0_0 .net "or_out", 0 0, L_000001c207cfb850;  1 drivers
v000001c207ba4150_0 .net "out", 0 0, L_000001c207cfbee0;  alias, 1 drivers
v000001c207bf0a80_0 .net "out_n", 0 0, L_000001c207cfb7e0;  alias, 1 drivers
    .scope S_000001c207cfd130;
T_0 ;
    %pushi/vec4 0, 0, 1;
    %store/vec4 v000001c207bf0da0_0, 0, 1;
    %pushi/vec4 0, 0, 1;
    %store/vec4 v000001c207bf1700_0, 0, 1;
    %pushi/vec4 0, 0, 1;
    %store/vec4 v000001c207bf1480_0, 0, 1;
    %pushi/vec4 0, 0, 1;
    %store/vec4 v000001c207bf13e0_0, 0, 1;
    %vpi_call/w 3 28 "$dumpfile", "dump.vcd" {0 0 0};
    %vpi_call/w 3 29 "$dumpvars", 32'sb00000000000000000000000000000000, S_000001c207cfd130 {0 0 0};
    %delay 10, 0;
    %load/vec4 v000001c207bf1200_0;
    %pad/u 32;
    %pushi/vec4 0, 0, 32;
    %cmp/ne;
    %flag_get/vec4 4;
    %load/vec4 v000001c207bf1520_0;
    %pad/u 32;
    %pushi/vec4 1, 0, 32;
    %cmp/ne;
    %flag_get/vec4 4;
    %and;
    %flag_set/vec4 8;
    %jmp/0xz  T_0.0, 8;
    %vpi_call/w 3 35 "$display", "Test Failed 1" {0 0 0};
    %vpi_call/w 3 36 "$finish" {0 0 0};
T_0.0 ;
    %pushi/vec4 1, 0, 1;
    %store/vec4 v000001c207bf0da0_0, 0, 1;
    %pushi/vec4 1, 0, 1;
    %store/vec4 v000001c207bf1700_0, 0, 1;
    %pushi/vec4 1, 0, 1;
    %store/vec4 v000001c207bf1480_0, 0, 1;
    %pushi/vec4 1, 0, 1;
    %store/vec4 v000001c207bf13e0_0, 0, 1;
    %vpi_call/w 3 44 "$dumpfile", "dump.vcd" {0 0 0};
    %vpi_call/w 3 45 "$dumpvars", 32'sb00000000000000000000000000000000, S_000001c207cfd130 {0 0 0};
    %delay 10, 0;
    %load/vec4 v000001c207bf1200_0;
    %pad/u 32;
    %pushi/vec4 1, 0, 32;
    %cmp/ne;
    %flag_get/vec4 4;
    %load/vec4 v000001c207bf1520_0;
    %pad/u 32;
    %pushi/vec4 0, 0, 32;
    %cmp/ne;
    %flag_get/vec4 4;
    %and;
    %flag_set/vec4 8;
    %jmp/0xz  T_0.2, 8;
    %vpi_call/w 3 51 "$display", "Test Failed 2" {0 0 0};
    %vpi_call/w 3 52 "$finish" {0 0 0};
T_0.2 ;
    %pushi/vec4 0, 0, 1;
    %store/vec4 v000001c207bf0da0_0, 0, 1;
    %pushi/vec4 1, 0, 1;
    %store/vec4 v000001c207bf1700_0, 0, 1;
    %pushi/vec4 1, 0, 1;
    %store/vec4 v000001c207bf1480_0, 0, 1;
    %pushi/vec4 0, 0, 1;
    %store/vec4 v000001c207bf13e0_0, 0, 1;
    %vpi_call/w 3 60 "$dumpfile", "dump.vcd" {0 0 0};
    %vpi_call/w 3 61 "$dumpvars", 32'sb00000000000000000000000000000000, S_000001c207cfd130 {0 0 0};
    %delay 10, 0;
    %load/vec4 v000001c207bf1200_0;
    %pad/u 32;
    %pushi/vec4 0, 0, 32;
    %cmp/ne;
    %flag_get/vec4 4;
    %load/vec4 v000001c207bf1520_0;
    %pad/u 32;
    %pushi/vec4 1, 0, 32;
    %cmp/ne;
    %flag_get/vec4 4;
    %and;
    %flag_set/vec4 8;
    %jmp/0xz  T_0.4, 8;
    %vpi_call/w 3 67 "$display", "Test Failed 2" {0 0 0};
    %vpi_call/w 3 68 "$finish" {0 0 0};
T_0.4 ;
    %vpi_call/w 3 72 "$display", "Test Success" {0 0 0};
    %end;
    .thread T_0;
# The file index is used to find the file name in the following table.
:file_names 5;
    "N/A";
    "<interactive>";
    "-";
    "tb/top_module_tb.sv";
    "rtl/top_module.sv";
