#! /d/a/fpga-toolchain-build/fpga-toolchain-build/iverilog/_install/bin/vvp
:ivl_version "11.0 (stable)" "(d3b0992)";
:ivl_delay_selection "TYPICAL";
:vpi_time_precision + 0;
:vpi_module "C:\PROGRA~3\CHOCOL~1\lib\iverilog\tools\lib\ivl\system.vpi";
:vpi_module "C:\PROGRA~3\CHOCOL~1\lib\iverilog\tools\lib\ivl\vhdl_sys.vpi";
:vpi_module "C:\PROGRA~3\CHOCOL~1\lib\iverilog\tools\lib\ivl\vhdl_textio.vpi";
:vpi_module "C:\PROGRA~3\CHOCOL~1\lib\iverilog\tools\lib\ivl\v2005_math.vpi";
:vpi_module "C:\PROGRA~3\CHOCOL~1\lib\iverilog\tools\lib\ivl\va_math.vpi";
:vpi_module "C:\PROGRA~3\CHOCOL~1\lib\iverilog\tools\lib\ivl\v2009.vpi";
S_0000027505ed51f0 .scope package, "$unit" "$unit" 2 1;
 .timescale 0 0;
S_0000027505ed5380 .scope module, "top_module_tb" "top_module_tb" 3 1;
 .timescale 0 0;
v0000027505e8c580_0 .var "in", 0 0;
v0000027505e8c620_0 .net "out", 0 0, L_0000027505ea33e0;  1 drivers
S_0000027505ed5510 .scope module, "uut" "top_module" 3 6, 4 1 0, S_0000027505ed5380;
 .timescale 0 0;
    .port_info 0 /INPUT 1 "in";
    .port_info 1 /OUTPUT 1 "out";
L_0000027505ea33e0 .functor NOT 1, v0000027505e8c580_0, C4<0>, C4<0>, C4<0>;
v0000027505ea3600_0 .net "in", 0 0, v0000027505e8c580_0;  1 drivers
v0000027505ea3120_0 .net "out", 0 0, L_0000027505ea33e0;  alias, 1 drivers
    .scope S_0000027505ed5380;
T_0 ;
    %pushi/vec4 0, 0, 1;
    %store/vec4 v0000027505e8c580_0, 0, 1;
    %vpi_call/w 3 13 "$dumpfile", "dump.vcd" {0 0 0};
    %vpi_call/w 3 14 "$dumpvars", 32'sb00000000000000000000000000000000, S_0000027505ed5380 {0 0 0};
    %load/vec4 v0000027505e8c620_0;
    %pad/u 32;
    %cmpi/ne 0, 0, 32;
    %jmp/0xz  T_0.0, 4;
    %vpi_call/w 3 17 "$display", "Test Failed" {0 0 0};
    %vpi_call/w 3 18 "$finish" {0 0 0};
T_0.0 ;
    %delay 1, 0;
    %pushi/vec4 1, 0, 1;
    %store/vec4 v0000027505e8c580_0, 0, 1;
    %load/vec4 v0000027505e8c620_0;
    %pad/u 32;
    %cmpi/ne 1, 0, 32;
    %jmp/0xz  T_0.2, 4;
    %vpi_call/w 3 25 "$display", "Test Failed" {0 0 0};
    %vpi_call/w 3 26 "$finish" {0 0 0};
T_0.2 ;
    %vpi_call/w 3 29 "$display", "Success" {0 0 0};
    %end;
    .thread T_0;
# The file index is used to find the file name in the following table.
:file_names 5;
    "N/A";
    "<interactive>";
    "-";
    "tb/top_module_tb.sv";
    "rtl/top_module.sv";
