#! /d/a/fpga-toolchain-build/fpga-toolchain-build/iverilog/_install/bin/vvp
:ivl_version "11.0 (stable)" "(d3b0992)";
:ivl_delay_selection "TYPICAL";
:vpi_time_precision - 10;
:vpi_module "C:\PROGRA~3\CHOCOL~1\lib\iverilog\tools\lib\ivl\system.vpi";
:vpi_module "C:\PROGRA~3\CHOCOL~1\lib\iverilog\tools\lib\ivl\vhdl_sys.vpi";
:vpi_module "C:\PROGRA~3\CHOCOL~1\lib\iverilog\tools\lib\ivl\vhdl_textio.vpi";
:vpi_module "C:\PROGRA~3\CHOCOL~1\lib\iverilog\tools\lib\ivl\v2005_math.vpi";
:vpi_module "C:\PROGRA~3\CHOCOL~1\lib\iverilog\tools\lib\ivl\va_math.vpi";
:vpi_module "C:\PROGRA~3\CHOCOL~1\lib\iverilog\tools\lib\ivl\v2009.vpi";
S_000002e4c7694f20 .scope package, "$unit" "$unit" 2 1;
 .timescale 0 0;
S_000002e4c76a5790 .scope module, "top_module_tb" "top_module_tb" 3 3;
 .timescale -9 -10;
v000002e4c76a5b50_0 .var "a", 0 0;
v000002e4c76e9840_0 .var "b", 0 0;
v000002e4c76e98e0_0 .net "out", 0 0, L_000002e4c77d9a10;  1 drivers
S_000002e4c76a5920 .scope module, "uut" "top_module" 3 9, 4 1 0, S_000002e4c76a5790;
 .timescale 0 0;
    .port_info 0 /INPUT 1 "a";
    .port_info 1 /INPUT 1 "b";
    .port_info 2 /OUTPUT 1 "out";
L_000002e4c77d9a10 .functor XNOR 1, v000002e4c76a5b50_0, v000002e4c76e9840_0, C4<0>, C4<0>;
v000002e4c77d9970_0 .net "a", 0 0, v000002e4c76a5b50_0;  1 drivers
v000002e4c77d6b90_0 .net "b", 0 0, v000002e4c76e9840_0;  1 drivers
v000002e4c76a5ab0_0 .net "out", 0 0, L_000002e4c77d9a10;  alias, 1 drivers
    .scope S_000002e4c76a5790;
T_0 ;
    %pushi/vec4 0, 0, 1;
    %store/vec4 v000002e4c76a5b50_0, 0, 1;
    %pushi/vec4 0, 0, 1;
    %store/vec4 v000002e4c76e9840_0, 0, 1;
    %vpi_call/w 3 20 "$dumpfile", "dump.vcd" {0 0 0};
    %vpi_call/w 3 21 "$dumpvars", 32'sb00000000000000000000000000000000, S_000002e4c76a5790 {0 0 0};
    %load/vec4 v000002e4c76e98e0_0;
    %pad/u 32;
    %cmpi/ne 1, 0, 32;
    %jmp/0xz  T_0.0, 4;
    %vpi_call/w 3 25 "$display", "Test Failed 1" {0 0 0};
    %vpi_call/w 3 26 "$finish" {0 0 0};
T_0.0 ;
    %delay 10, 0;
    %pushi/vec4 1, 0, 1;
    %store/vec4 v000002e4c76a5b50_0, 0, 1;
    %pushi/vec4 0, 0, 1;
    %store/vec4 v000002e4c76e9840_0, 0, 1;
    %delay 10, 0;
    %load/vec4 v000002e4c76e98e0_0;
    %pad/u 32;
    %cmpi/ne 0, 0, 32;
    %jmp/0xz  T_0.2, 4;
    %vpi_call/w 3 38 "$display", "Test Failed 2" {0 0 0};
    %vpi_call/w 3 39 "$finish" {0 0 0};
T_0.2 ;
    %delay 10, 0;
    %pushi/vec4 1, 0, 1;
    %store/vec4 v000002e4c76a5b50_0, 0, 1;
    %pushi/vec4 1, 0, 1;
    %store/vec4 v000002e4c76e9840_0, 0, 1;
    %delay 10, 0;
    %load/vec4 v000002e4c76e98e0_0;
    %pad/u 32;
    %cmpi/ne 1, 0, 32;
    %jmp/0xz  T_0.4, 4;
    %vpi_call/w 3 51 "$display", "Test Failed 3" {0 0 0};
    %vpi_call/w 3 52 "$finish" {0 0 0};
T_0.4 ;
    %vpi_call/w 3 55 "$display", "Test Success" {0 0 0};
    %end;
    .thread T_0;
# The file index is used to find the file name in the following table.
:file_names 5;
    "N/A";
    "<interactive>";
    "-";
    "tb/top_module_tb.sv";
    "rtl/top_module.sv";
